This is pdfTeX, Version 3.141592653-2.6-1.40.25 (TeX Live 2023/Debian) (preloaded format=pdflatex 2025.1.25)  18 MAR 2025 01:56
entering extended mode
 restricted \write18 enabled.
 %&-line parsing enabled.
**Rd2.tex
(./Rd2.tex
LaTeX2e <2023-11-01> patch level 1
L3 programming layer <2024-01-22>

(/usr/share/texlive/texmf-dist/tex/latex/base/book.cls
Document Class: book 2023/05/17 v1.4n Standard LaTeX document class
(/usr/share/texlive/texmf-dist/tex/latex/base/bk10.clo
File: bk10.clo 2023/05/17 v1.4n Standard LaTeX file (size option)
)
\c@part=\count187
\c@chapter=\count188
\c@section=\count189
\c@subsection=\count190
\c@subsubsection=\count191
\c@paragraph=\count192
\c@subparagraph=\count193
\c@figure=\count194
\c@table=\count195
\abovecaptionskip=\skip48
\belowcaptionskip=\skip49
\bibindent=\dimen140
)
(/usr/share/R/share/texmf/tex/latex/Rd.sty
Package: Rd 

(/usr/share/texlive/texmf-dist/tex/latex/base/ifthen.sty
Package: ifthen 2022/04/13 v1.1d Standard LaTeX ifthen package (DPC)
)
(/usr/share/texlive/texmf-dist/tex/generic/iftex/iftex.sty
Package: iftex 2022/02/03 v1.0f TeX engine tests
)
(/usr/share/texlive/texmf-dist/tex/latex/tools/longtable.sty
Package: longtable 2023-11-01 v4.19 Multi-page Table package (DPC)
\LTleft=\skip50
\LTright=\skip51
\LTpre=\skip52
\LTpost=\skip53
\LTchunksize=\count196
\LTcapwidth=\dimen141
\LT@head=\box51
\LT@firsthead=\box52
\LT@foot=\box53
\LT@lastfoot=\box54
\LT@gbox=\box55
\LT@cols=\count197
\LT@rows=\count198
\c@LT@tables=\count199
\c@LT@chunks=\count266
\LT@p@ftn=\toks17
)
(/usr/share/texlive/texmf-dist/tex/latex/tools/bm.sty
Package: bm 2023/07/08 v1.2f Bold Symbol Support (DPC/FMi)
\symboldoperators=\mathgroup4
\symboldletters=\mathgroup5
\symboldsymbols=\mathgroup6
Package bm Info: No bold for \OMX/cmex/m/n, using \pmb.
LaTeX Font Info:    Redeclaring math alphabet \mathbf on input line 149.
)
(/usr/share/texlive/texmf-dist/tex/latex/base/alltt.sty
Package: alltt 2021/01/29 v2.0g defines alltt environment
)
(/usr/share/texlive/texmf-dist/tex/latex/tools/verbatim.sty
Package: verbatim 2023-11-06 v1.5v LaTeX2e package for verbatim enhancements
\every@verbatim=\toks18
\verbatim@line=\toks19
\verbatim@in@stream=\read2
)
(/usr/share/texlive/texmf-dist/tex/latex/url/url.sty
\Urlmuskip=\muskip16
Package: url 2013/09/16  ver 3.4  Verb mode for urls, etc.
)
(/usr/share/texlive/texmf-dist/tex/latex/base/textcomp.sty
Package: textcomp 2020/02/02 v2.0n Standard LaTeX package
)
(/usr/share/texlive/texmf-dist/tex/latex/amsmath/amsmath.sty
Package: amsmath 2023/05/13 v2.17o AMS math features
\@mathmargin=\skip54

For additional information on amsmath, use the `?' option.
(/usr/share/texlive/texmf-dist/tex/latex/amsmath/amstext.sty
Package: amstext 2021/08/26 v2.01 AMS text

(/usr/share/texlive/texmf-dist/tex/latex/amsmath/amsgen.sty
File: amsgen.sty 1999/11/30 v2.0 generic functions
\@emptytoks=\toks20
\ex@=\dimen142
))
(/usr/share/texlive/texmf-dist/tex/latex/amsmath/amsbsy.sty
Package: amsbsy 1999/11/29 v1.2d Bold Symbols
LaTeX Info: Redefining \boldsymbol on input line 28.
\pmbraise@=\dimen143
)
(/usr/share/texlive/texmf-dist/tex/latex/amsmath/amsopn.sty
Package: amsopn 2022/04/08 v2.04 operator names
)
\inf@bad=\count267
LaTeX Info: Redefining \frac on input line 234.
\uproot@=\count268
\leftroot@=\count269
LaTeX Info: Redefining \overline on input line 399.
LaTeX Info: Redefining \colon on input line 410.
\classnum@=\count270
\DOTSCASE@=\count271
LaTeX Info: Redefining \ldots on input line 496.
LaTeX Info: Redefining \dots on input line 499.
LaTeX Info: Redefining \cdots on input line 620.
\Mathstrutbox@=\box56
\strutbox@=\box57
LaTeX Info: Redefining \big on input line 722.
LaTeX Info: Redefining \Big on input line 723.
LaTeX Info: Redefining \bigg on input line 724.
LaTeX Info: Redefining \Bigg on input line 725.
\big@size=\dimen144
LaTeX Font Info:    Redeclaring font encoding OML on input line 743.
LaTeX Font Info:    Redeclaring font encoding OMS on input line 744.
\macc@depth=\count272
LaTeX Info: Redefining \bmod on input line 905.
LaTeX Info: Redefining \pmod on input line 910.
LaTeX Info: Redefining \smash on input line 940.
LaTeX Info: Redefining \relbar on input line 970.
LaTeX Info: Redefining \Relbar on input line 971.
\c@MaxMatrixCols=\count273
\dotsspace@=\muskip17
\c@parentequation=\count274
\dspbrk@lvl=\count275
\tag@help=\toks21
\row@=\count276
\column@=\count277
\maxfields@=\count278
\andhelp@=\toks22
\eqnshift@=\dimen145
\alignsep@=\dimen146
\tagshift@=\dimen147
\tagwidth@=\dimen148
\totwidth@=\dimen149
\lineht@=\dimen150
\@envbody=\toks23
\multlinegap=\skip55
\multlinetaggap=\skip56
\mathdisplay@stack=\toks24
LaTeX Info: Redefining \[ on input line 2953.
LaTeX Info: Redefining \] on input line 2954.
)
(/usr/share/texlive/texmf-dist/tex/latex/amsfonts/amsfonts.sty
Package: amsfonts 2013/01/14 v3.01 Basic AMSFonts support
\symAMSa=\mathgroup7
\symAMSb=\mathgroup8
LaTeX Font Info:    Redeclaring math symbol \hbar on input line 98.
LaTeX Font Info:    Overwriting math alphabet `\mathfrak' in version `bold'
(Font)                  U/euf/m/n --> U/euf/b/n on input line 106.
)
(/usr/share/texlive/texmf-dist/tex/latex/amsfonts/amssymb.sty
Package: amssymb 2013/01/14 v3.01 AMS font symbols
)
(/usr/share/texlive/texmf-dist/tex/latex/jknapltx/mathrsfs.sty
Package: mathrsfs 1996/01/01 Math RSFS package v1.0 (jk)
\symrsfs=\mathgroup9
)
\ldescriptionwidth=\skip57

(/usr/share/texlive/texmf-dist/tex/latex/base/fontenc.sty
Package: fontenc 2021/04/29 v2.0v Standard LaTeX package
)
(/usr/share/texlive/texmf-dist/tex/latex/psnfss/times.sty
Package: times 2020/03/25 PSNFSS-v9.3 (SPQR) 
)
(/usr/share/texlive/texmf-dist/tex/latex/inconsolata/zi4.sty
Package: zi4 2019/05/17 v1.12

`inconsolata-zi4' v1.12, 2019/05/17 Text macros for Inconsolata (msharpe)
(/usr/share/texlive/texmf-dist/tex/latex/xkeyval/xkeyval.sty
Package: xkeyval 2022/06/16 v2.9 package option processing (HA)

(/usr/share/texlive/texmf-dist/tex/generic/xkeyval/xkeyval.tex
(/usr/share/texlive/texmf-dist/tex/generic/xkeyval/xkvutils.tex
\XKV@toks=\toks25
\XKV@tempa@toks=\toks26

(/usr/share/texlive/texmf-dist/tex/generic/xkeyval/keyval.tex))
\XKV@depth=\count279
File: xkeyval.tex 2014/12/03 v2.7a key=value parser (HA)
))
\zifour@ocount=\count280
)
(/usr/share/texlive/texmf-dist/tex/latex/graphics/color.sty
Package: color 2022/01/06 v1.3d Standard LaTeX Color (DPC)

(/usr/share/texlive/texmf-dist/tex/latex/graphics-cfg/color.cfg
File: color.cfg 2016/01/02 v1.6 sample color configuration
)
Package color Info: Driver file: pdftex.def on input line 149.

(/usr/share/texlive/texmf-dist/tex/latex/graphics-def/pdftex.def
File: pdftex.def 2022/09/22 v1.2b Graphics/color driver for pdftex
)
(/usr/share/texlive/texmf-dist/tex/latex/graphics/mathcolor.ltx))
(/usr/share/texlive/texmf-dist/tex/latex/hyperref/hyperref.sty
Package: hyperref 2024-01-20 v7.01h Hypertext links for LaTeX

(/usr/share/texlive/texmf-dist/tex/latex/kvsetkeys/kvsetkeys.sty
Package: kvsetkeys 2022-10-05 v1.19 Key value parser (HO)
)
(/usr/share/texlive/texmf-dist/tex/generic/kvdefinekeys/kvdefinekeys.sty
Package: kvdefinekeys 2019-12-19 v1.6 Define keys (HO)
)
(/usr/share/texlive/texmf-dist/tex/generic/pdfescape/pdfescape.sty
Package: pdfescape 2019/12/09 v1.15 Implements pdfTeX's escape features (HO)

(/usr/share/texlive/texmf-dist/tex/generic/ltxcmds/ltxcmds.sty
Package: ltxcmds 2023-12-04 v1.26 LaTeX kernel commands for general use (HO)
)
(/usr/share/texlive/texmf-dist/tex/generic/pdftexcmds/pdftexcmds.sty
Package: pdftexcmds 2020-06-27 v0.33 Utility functions of pdfTeX for LuaTeX (HO
)

(/usr/share/texlive/texmf-dist/tex/generic/infwarerr/infwarerr.sty
Package: infwarerr 2019/12/03 v1.5 Providing info/warning/error messages (HO)
)
Package pdftexcmds Info: \pdf@primitive is available.
Package pdftexcmds Info: \pdf@ifprimitive is available.
Package pdftexcmds Info: \pdfdraftmode found.
))
(/usr/share/texlive/texmf-dist/tex/latex/hycolor/hycolor.sty
Package: hycolor 2020-01-27 v1.10 Color options for hyperref/bookmark (HO)
)
(/usr/share/texlive/texmf-dist/tex/latex/auxhook/auxhook.sty
Package: auxhook 2019-12-17 v1.6 Hooks for auxiliary files (HO)
)
(/usr/share/texlive/texmf-dist/tex/latex/hyperref/nameref.sty
Package: nameref 2023-11-26 v2.56 Cross-referencing by name of section

(/usr/share/texlive/texmf-dist/tex/latex/refcount/refcount.sty
Package: refcount 2019/12/15 v3.6 Data extraction from label references (HO)
)
(/usr/share/texlive/texmf-dist/tex/generic/gettitlestring/gettitlestring.sty
Package: gettitlestring 2019/12/15 v1.6 Cleanup title references (HO)

(/usr/share/texlive/texmf-dist/tex/latex/kvoptions/kvoptions.sty
Package: kvoptions 2022-06-15 v3.15 Key value format for package options (HO)
))
\c@section@level=\count281
)
(/usr/share/texlive/texmf-dist/tex/latex/etoolbox/etoolbox.sty
Package: etoolbox 2020/10/05 v2.5k e-TeX tools for LaTeX (JAW)
\etb@tempcnta=\count282
)
\@linkdim=\dimen151
\Hy@linkcounter=\count283
\Hy@pagecounter=\count284

(/usr/share/texlive/texmf-dist/tex/latex/hyperref/pd1enc.def
File: pd1enc.def 2024-01-20 v7.01h Hyperref: PDFDocEncoding definition (HO)
Now handling font encoding PD1 ...
... no UTF-8 mapping file for font encoding PD1
)
(/usr/share/texlive/texmf-dist/tex/generic/intcalc/intcalc.sty
Package: intcalc 2019/12/15 v1.3 Expandable calculations with integers (HO)
)
\Hy@SavedSpaceFactor=\count285

(/usr/share/texlive/texmf-dist/tex/latex/hyperref/puenc.def
File: puenc.def 2024-01-20 v7.01h Hyperref: PDF Unicode definition (HO)
Now handling font encoding PU ...
... no UTF-8 mapping file for font encoding PU
)
Package hyperref Info: Hyper figures OFF on input line 4179.
Package hyperref Info: Link nesting OFF on input line 4184.
Package hyperref Info: Hyper index ON on input line 4187.
Package hyperref Info: Plain pages OFF on input line 4194.
Package hyperref Info: Backreferencing OFF on input line 4199.
Package hyperref Info: Implicit mode ON; LaTeX internals redefined.
Package hyperref Info: Bookmarks ON on input line 4446.
\c@Hy@tempcnt=\count286
LaTeX Info: Redefining \url on input line 4784.
\XeTeXLinkMargin=\dimen152

(/usr/share/texlive/texmf-dist/tex/generic/bitset/bitset.sty
Package: bitset 2019/12/09 v1.3 Handle bit-vector datatype (HO)

(/usr/share/texlive/texmf-dist/tex/generic/bigintcalc/bigintcalc.sty
Package: bigintcalc 2019/12/15 v1.5 Expandable calculations on big integers (HO
)
))
\Fld@menulength=\count287
\Field@Width=\dimen153
\Fld@charsize=\dimen154
Package hyperref Info: Hyper figures OFF on input line 6063.
Package hyperref Info: Link nesting OFF on input line 6068.
Package hyperref Info: Hyper index ON on input line 6071.
Package hyperref Info: backreferencing OFF on input line 6078.
Package hyperref Info: Link coloring OFF on input line 6083.
Package hyperref Info: Link coloring with OCG OFF on input line 6088.
Package hyperref Info: PDF/A mode OFF on input line 6093.

(/usr/share/texlive/texmf-dist/tex/latex/base/atbegshi-ltx.sty
Package: atbegshi-ltx 2021/01/10 v1.0c Emulation of the original atbegshi
package with kernel methods
)
\Hy@abspage=\count288
\c@Item=\count289
\c@Hfootnote=\count290
)
Package hyperref Info: Driver (autodetected): hpdftex.

(/usr/share/texlive/texmf-dist/tex/latex/hyperref/hpdftex.def
File: hpdftex.def 2024-01-20 v7.01h Hyperref driver for pdfTeX

(/usr/share/texlive/texmf-dist/tex/latex/base/atveryend-ltx.sty
Package: atveryend-ltx 2020/08/19 v1.0a Emulation of the original atveryend pac
kage
with kernel methods
)
\Fld@listcount=\count291
\c@bookmark@seq@number=\count292

(/usr/share/texlive/texmf-dist/tex/latex/rerunfilecheck/rerunfilecheck.sty
Package: rerunfilecheck 2022-07-10 v1.10 Rerun checks for auxiliary files (HO)

(/usr/share/texlive/texmf-dist/tex/generic/uniquecounter/uniquecounter.sty
Package: uniquecounter 2019/12/15 v1.4 Provide unlimited unique counter (HO)
)
Package uniquecounter Info: New unique counter `rerunfilecheck' on input line 2
85.
)
\Hy@SectionHShift=\skip58
)
Package hyperref Info: Option `colorlinks' set `true' on input line 413.
Package hyperref Info: Option `linktocpage' set `true' on input line 413.
Package hyperref Info: Option `plainpages' set `false' on input line 413.
)
(/usr/share/texlive/texmf-dist/tex/latex/base/makeidx.sty
Package: makeidx 2021/10/04 v1.0m Standard LaTeX package
)
\@indexfile=\write3
\openout3 = `Rd2.idx'.


Writing index file Rd2.idx
LaTeX Font Info:    Trying to load font information for T1+ptm on input line 8.

(/usr/share/texlive/texmf-dist/tex/latex/psnfss/t1ptm.fd
File: t1ptm.fd 2001/06/04 font definitions for T1/ptm.
)
(/usr/share/texlive/texmf-dist/tex/latex/l3backend/l3backend-pdftex.def
File: l3backend-pdftex.def 2024-01-04 L3 backend support: PDF output (pdfTeX)
\l__color_backend_stack_int=\count293
\l__pdf_internal_box=\box58
)
(./Rd2.aux)
\openout1 = `Rd2.aux'.

LaTeX Font Info:    Checking defaults for OML/cmm/m/it on input line 8.
LaTeX Font Info:    ... okay on input line 8.
LaTeX Font Info:    Checking defaults for OMS/cmsy/m/n on input line 8.
LaTeX Font Info:    ... okay on input line 8.
LaTeX Font Info:    Checking defaults for OT1/cmr/m/n on input line 8.
LaTeX Font Info:    ... okay on input line 8.
LaTeX Font Info:    Checking defaults for T1/cmr/m/n on input line 8.
LaTeX Font Info:    ... okay on input line 8.
LaTeX Font Info:    Checking defaults for TS1/cmr/m/n on input line 8.
LaTeX Font Info:    ... okay on input line 8.
LaTeX Font Info:    Checking defaults for OMX/cmex/m/n on input line 8.
LaTeX Font Info:    ... okay on input line 8.
LaTeX Font Info:    Checking defaults for U/cmr/m/n on input line 8.
LaTeX Font Info:    ... okay on input line 8.
LaTeX Font Info:    Checking defaults for PD1/pdf/m/n on input line 8.
LaTeX Font Info:    ... okay on input line 8.
LaTeX Font Info:    Checking defaults for PU/pdf/m/n on input line 8.
LaTeX Font Info:    ... okay on input line 8.
 (/usr/share/texlive/texmf-dist/tex/context/base/mkii/supp-pdf.mkii
[Loading MPS to PDF converter (version 2006.09.02).]
\scratchcounter=\count294
\scratchdimen=\dimen155
\scratchbox=\box59
\nofMPsegments=\count295
\nofMParguments=\count296
\everyMPshowfont=\toks27
\MPscratchCnt=\count297
\MPscratchDim=\dimen156
\MPnumerator=\count298
\makeMPintoPDFobject=\count299
\everyMPtoPDFconversion=\toks28
)
Package hyperref Info: Link coloring ON on input line 8.
 (./Rd2.out) (./Rd2.out)
\@outlinefile=\write4
\openout4 = `Rd2.out'.

LaTeX Font Info:    Trying to load font information for TS1+ptm on input line 1
9.

(/usr/share/texlive/texmf-dist/tex/latex/psnfss/ts1ptm.fd
File: ts1ptm.fd 2001/06/04 font definitions for TS1/ptm.
)
Package textcomp Info: Symbol \textasciigrave not provided by
(textcomp)             font family ptm in TS1 encoding.
(textcomp)             Default family used instead on input line 23.
Package textcomp Info: Symbol \textasciigrave not provided by
(textcomp)             font family ptm in TS1 encoding.
(textcomp)             Default family used instead on input line 23.
LaTeX Font Info:    Trying to load font information for T1+zi4 on input line 37
.

(/usr/share/texlive/texmf-dist/tex/latex/inconsolata/t1zi4.fd
File: t1zi4.fd 2018/01/14 T1/zi4 (Inconsolata)
)
LaTeX Font Info:    Font shape `T1/zi4/m/n' will be
(Font)              scaled to size 10.0pt on input line 37.
LaTeX Font Info:    Trying to load font information for U+msa on input line 37.


(/usr/share/texlive/texmf-dist/tex/latex/amsfonts/umsa.fd
File: umsa.fd 2013/01/14 v3.01 AMS symbols A
)
LaTeX Font Info:    Trying to load font information for U+msb on input line 37.


(/usr/share/texlive/texmf-dist/tex/latex/amsfonts/umsb.fd
File: umsb.fd 2013/01/14 v3.01 AMS symbols B
)
LaTeX Font Info:    Trying to load font information for U+rsfs on input line 37
.

(/usr/share/texlive/texmf-dist/tex/latex/jknapltx/ursfs.fd
File: ursfs.fd 1998/03/24 rsfs font definition file (jk)
) [1


{/var/lib/texmf/fonts/map/pdftex/updmap/pdftex.map}{/usr/share/texlive/texmf-di
st/fonts/enc/dvips/base/8r.enc}{/usr/share/texmf/fonts/enc/dvips/cm-super/cm-su
per-ts1.enc}{/usr/share/texlive/texmf-dist/fonts/enc/dvips/inconsolata/i4-t1-0.
enc}] (./Rd2.toc
[2] [3])
\tf@toc=\write5
\openout5 = `Rd2.toc'.

 [4] [5]
Overfull \hbox (31.42886pt too wide) in paragraph at lines 203--207
\T1/ptm/m/n/10 would choose this to be the num-ber of avail-able CPUs. Use []\T
1/zi4/m/n/10 options(allFit.ncpus=X)
 []


Overfull \hbox (23.04874pt too wide) in paragraph at lines 210--213
[]\T1/ptm/m/n/10 (logical) Wrap model fits in []\T1/zi4/m/n/10 tryCatch []\T1/p
tm/m/n/10 clause to skip over er-rors? ([]\T1/zi4/m/n/10 catch.errs=FALSE
 []


Overfull \hbox (15.76793pt too wide) in paragraph at lines 225--226
\T1/ptm/m/it/10 silently \T1/ptm/m/n/10 ig-nored (in par-tic-u-lar, the []\T1/z
i4/m/n/10 maxfun []\T1/ptm/m/n/10 spec-i-fi-ca-tion is only re-spected by []\T1
/zi4/m/n/10 bobyqa[]\T1/ptm/m/n/10 , []\T1/zi4/m/n/10 Nelder_Mead[]\T1/ptm/m/n/
10 ,
 []

LaTeX Font Info:    Font shape `T1/zi4/m/n' will be
(Font)              scaled to size 9.0pt on input line 245.
[6]
LaTeX Font Info:    Trying to load font information for TS1+zi4 on input line 2
69.
 (/usr/share/texlive/texmf-dist/tex/latex/inconsolata/ts1zi4.fd
File: ts1zi4.fd 2018/01/14 TS1/zi4 (Inconsolata)
)
LaTeX Font Info:    Font shape `TS1/zi4/m/n' will be
(Font)              scaled to size 9.0pt on input line 269.

Overfull \hbox (0.66751pt too wide) in paragraph at lines 303--305
[]\T1/ptm/m/n/10 simulated her-bivory or "clip-ping" (api-cal meris-tem dam-age
): []\T1/zi4/m/n/10 unclipped []\T1/ptm/m/n/10 (base-line) or []\T1/zi4/m/n/10 
clipped 
 []

[7{/usr/share/texlive/texmf-dist/fonts/enc/dvips/inconsolata/i4-ts1.enc}]
[8]
Overfull \hbox (28.94879pt too wide) in paragraph at lines 381--384
[]\T1/ptm/m/n/10 character string spec-i-fy-ing the type of boot-strap, []\T1/z
i4/m/n/10 "parametric" []\T1/ptm/m/n/10 or []\T1/zi4/m/n/10 "semiparametric"[]\
T1/ptm/m/n/10 ;
 []

[9] [10] [11]
Overfull \hbox (15.3086pt too wide) in paragraph at lines 596--599
[]\T1/ptm/m/n/10 The []\T1/zi4/m/n/10 replicate []\T1/ptm/m/n/10 fac-tor is nes
ted within the []\T1/zi4/m/n/10 recipe []\T1/ptm/m/n/10 fac-tor, and []\T1/zi4/
m/n/10 temperature []\T1/ptm/m/n/10 is nested within []\T1/zi4/m/n/10 replicate
[]\T1/ptm/m/n/10 . 
 []

[12]
Overfull \hbox (14.50648pt too wide) in paragraph at lines 666--668
[]\T1/ptm/m/n/10 Serological sta-tus was de-ter-mined us-ing a com-pet-i-tive e
nzyme-linked immuno-sorbent as-say (cELISA). 
 []

[13]
LaTeX Font Info:    Font shape `TS1/zi4/m/n' will be
(Font)              scaled to size 10.0pt on input line 745.
 [14]
Overfull \hbox (21.00677pt too wide) in paragraph at lines 774--778
\T1/ptm/m/n/10 ram-e-ters as well as the random-effect pa-ram-e-ters on the sta
n-dard de-vi-a-tion/correlation
 []


Overfull \hbox (0.9579pt too wide) in paragraph at lines 783--787
[]\T1/ptm/m/n/10 (logical) use old-style names for variance-covariance pa-ram-e
-ters, e.g. []\T1/zi4/m/n/10 ".sig01"[]\T1/ptm/m/n/10 ,
 []


Overfull \hbox (12.08884pt too wide) in paragraph at lines 783--787
\T1/ptm/m/n/10 rather than newer (more in-for-ma-tive) names such as []\T1/zi4/
m/n/10 "sd_(Intercept)|Subject"[]\T1/ptm/m/n/10 ?
 []

[15] [16]
Overfull \hbox (5.56734pt too wide) in paragraph at lines 876--878
[]\T1/ptm/m/n/10 double-check the Hes-sian cal-cu-la-tion with the more ex-pen-
sive Richard-son ex-trap-o-la-tion method
 []

[17] [18]
Underfull \vbox (badness 3803) has occurred while \output is active []

 [19]
[20] [21] [22] [23] [24] [25] [26] [27] [28] [29]
Overfull \hbox (4.92795pt too wide) in paragraph at lines 1700--1703
[]\T1/ptm/m/n/10 a fit-ted mixed-effects model of class []\T1/zi4/m/n/10 "[][]m
erMod[][][]"[]\T1/ptm/m/n/10 , i.e., typ-i-cally the re-sult of [][][]\T1/zi4/m
/n/10 lmer[][][]()[]\T1/ptm/m/n/10 ,
 []


Underfull \hbox (badness 10000) in paragraph at lines 1704--1707

 []

[30]
Underfull \hbox (badness 10000) in paragraph at lines 1782--1785

 []

[31]
Underfull \hbox (badness 10000) in paragraph at lines 1804--1805

 []

[32] [33]
Overfull \hbox (27.77827pt too wide) in paragraph at lines 1919--1921
[]\T1/ptm/m/n/10 Originally based on pack-age [][]\T1/ptm/b/n/10 SparseG-rid[][
]\T1/ptm/m/n/10 's hid-den []\T1/zi4/m/n/10 GQN()[]\T1/ptm/m/n/10 , then on [][
]\T1/ptm/b/n/10 fast-GHQuad[][]\T1/ptm/m/n/10 's []\T1/zi4/m/n/10 gaussHermiteD
ata(.)[]\T1/ptm/m/n/10 . 
 []


Overfull \hbox (29.22874pt too wide) in paragraph at lines 1948--1948
 []\T1/zi4/m/n/9 cbind(p = ps, "E[X^p]" = with(r5,  sapply(ps, function(p) sum(
w * z^p)))) # p=10 is wrong for 5-rule[] 
 []

Package textcomp Info: Symbol \textasciigrave not provided by
(textcomp)             font family zi4 in TS1 encoding.
(textcomp)             Default family used instead on input line 1955.
LaTeX Font Info:    Trying to load font information for T1+cmtt on input line 1
955.
(/usr/share/texlive/texmf-dist/tex/latex/base/t1cmtt.fd
File: t1cmtt.fd 2023/04/13 v2.5m Standard LaTeX font definitions
)
LaTeX Font Info:    Trying to load font information for TS1+cmtt on input line 
1955.

(/usr/share/texlive/texmf-dist/tex/latex/base/ts1cmtt.fd
File: ts1cmtt.fd 2023/04/13 v2.5m Standard LaTeX font definitions
)
Package textcomp Info: Symbol \textasciigrave not provided by
(textcomp)             font family zi4 in TS1 encoding.
(textcomp)             Default family used instead on input line 1955.
 [34] [35]
Overfull \hbox (49.81862pt too wide) in paragraph at lines 2049--2054
\T1/ptm/m/n/10 fault ac-tion ([]\T1/zi4/m/n/10 na.omit[]\T1/ptm/m/n/10 , in-her
-ited from the `fac-tory fresh' value of []\T1/zi4/m/n/10 getOption("na.action"
)[]\T1/ptm/m/n/10 )
 []

[36] [37]
Overfull \hbox (3.98962pt too wide) in paragraph at lines 2188--2190
[]\T1/ptm/m/n/10 arguments as for []\T1/zi4/m/n/10 glmer(.) []\T1/ptm/m/n/10 su
ch as []\T1/zi4/m/n/10 formula[]\T1/ptm/m/n/10 , []\T1/zi4/m/n/10 data[]\T1/ptm
/m/n/10 , []\T1/zi4/m/n/10 control[]\T1/ptm/m/n/10 , etc, but \T1/ptm/m/it/10 n
ot []\T1/zi4/m/n/10 family[]\T1/ptm/m/n/10 ! 
 []


Overfull \hbox (24.14874pt too wide) in paragraph at lines 2212--2215
[]\T1/ptm/m/n/10 An ob-ject of class []\T1/zi4/m/n/10 glmerMod[]\T1/ptm/m/n/10 
, for which many meth-ods are avail-able (e.g. []\T1/zi4/m/n/10 methods(class="
glmerMod")[]\T1/ptm/m/n/10 ),
 []

[38]
Overfull \hbox (18.9817pt too wide) in paragraph at lines 2222--2224
[]\T1/ptm/m/n/10 The neg-a-tive bi-no-mial $\OML/cmm/m/it/10 ^^R$ \T1/ptm/m/n/1
0 can be ex-tracted from a fit []\T1/zi4/m/n/10 g <- glmer.nb() []\T1/ptm/m/n/1
0 by [][][]\T1/zi4/m/n/10 getME[][][](g, "glmer.nb.theta")[]\T1/ptm/m/n/10 . 
 []

[39] [40] [41] [42] [43] [44]
Overfull \hbox (5.6403pt too wide) in paragraph at lines 2624--2627
[]\T1/zi4/m/n/10 cooks.distance[]\T1/ptm/m/n/10 , []\T1/zi4/m/n/10 dfbeta[]\T1/
ptm/m/n/10 , or []\T1/zi4/m/n/10 dfbetas[]\T1/ptm/m/n/10 , an ob-ject re-turned
 by []\T1/zi4/m/n/10 influence.merMod 
 []


Overfull \hbox (18.82883pt too wide) in paragraph at lines 2637--2640
[]\T1/ptm/m/n/10 if []\T1/zi4/m/n/10 "fixed.effects" []\T1/ptm/m/n/10 (the de-f
ault), re-turn in-flu-ence on the fixed ef-fects; if []\T1/zi4/m/n/10 "var.cov"
[]\T1/ptm/m/n/10 ,
 []

[45]
LaTeX Font Info:    Trying to load font information for T1+phv on input line 26
43.
 (/usr/share/texlive/texmf-dist/tex/latex/psnfss/t1phv.fd
File: t1phv.fd 2020/03/25 scalable font definitions for T1/phv.
)
Overfull \hbox (35.2378pt too wide) in paragraph at lines 2642--2645
[]\T1/ptm/m/n/10 number of com-pu-ta-tional cores to use if run in par-al-lel; 
di-rectly passed to [][][]\T1/zi4/m/n/10 makeCluster[][][]()
 []

[46] [47] [48] [49] [50]
Overfull \hbox (12.28697pt too wide) in paragraph at lines 2990--2993
[]\T1/ptm/m/n/10 Andrew Gel-man and Jen-nifer Hill (2006). \T1/ptm/m/it/10 Data
 Anal-y-sis Us-ing Re-gres-sion and Mul-ti-level/Hierarchical
 []

[51] [52]
Overfull \hbox (49.81862pt too wide) in paragraph at lines 3102--3107
\T1/ptm/m/n/10 fault ac-tion ([]\T1/zi4/m/n/10 na.omit[]\T1/ptm/m/n/10 , in-her
-ited from the 'fac-tory fresh' value of []\T1/zi4/m/n/10 getOption("na.action"
)[]\T1/ptm/m/n/10 )
 []

[53] [54]
Overfull \hbox (24.57794pt too wide) in paragraph at lines 3232--3235
[]\T1/ptm/m/n/10 model- or data-checking spec-i-fi-ca-tions, in short ``check-i
ng op-tions'', such as []\T1/zi4/m/n/10 check.nobs.vs.rankZ[]\T1/ptm/m/n/10 ,
 []


Overfull \hbox (11.41006pt too wide) in paragraph at lines 3267--3267
 []    \T1/zi4/m/n/10 check.conv.singular = .makeCC(action = "message", tol = f
ormals(isSingular)$tol),[] 
 []

[55]
Overfull \hbox (11.41006pt too wide) in paragraph at lines 3294--3294
 []    \T1/zi4/m/n/10 check.conv.singular = .makeCC(action = "message", tol = f
ormals(isSingular)$tol),[] 
 []

[56]
Overfull \hbox (27.0789pt too wide) in paragraph at lines 3338--3346
\T1/ptm/m/n/10 gu-ment (you may need to load the \T1/ptm/b/n/10 op-timx \T1/ptm
/m/n/10 pack-age man-u-ally us-ing [][][]\T1/zi4/m/n/10 library[][][](optimx)[]
\T1/ptm/m/n/10 ). 
 []

[57]
Overfull \hbox (3.7484pt too wide) in paragraph at lines 3423--3429
\T1/ptm/m/n/10 or cor-re-la-tions be-tween ran-dom ef-fects equal to +/- 1.0); 
as for []\T1/zi4/m/n/10 check.conv.grad
 []


Overfull \hbox (3.02013pt too wide) in paragraph at lines 3452--3461
[][][]\T1/zi4/m/n/10 Nelder_Mead[][][][]\T1/ptm/m/n/10 , [][][]\T1/zi4/m/n/10 b
obyqa[][][][]\T1/ptm/m/n/10 ). In par-tic-u-lar, both []\T1/zi4/m/n/10 Nelder_M
ead []\T1/ptm/m/n/10 and []\T1/zi4/m/n/10 bobyqa []\T1/ptm/m/n/10 use []\T1/zi4
/m/n/10 maxfun
 []

[58]
Overfull \hbox (0.5591pt too wide) in paragraph at lines 3525--3528
[][][]\T1/ptm/m/n/10 convergence[][][] and [][][]\T1/zi4/m/n/10 allFit[][][]() 
[]\T1/ptm/m/n/10 which fits for a cou-ple of op-ti-miz-ers; [][][]\T1/zi4/m/n/1
0 nloptwrap[][][] []\T1/ptm/m/n/10 for the []\T1/zi4/m/n/10 lmerControl()
 []

[59]
Underfull \vbox (badness 3803) has occurred while \output is active []

 [60]
Overfull \hbox (49.81862pt too wide) in paragraph at lines 3625--3630
\T1/ptm/m/n/10 fault ac-tion ([]\T1/zi4/m/n/10 na.omit[]\T1/ptm/m/n/10 , in-her
-ited from the `fac-tory fresh' value of []\T1/zi4/m/n/10 getOption("na.action"
)[]\T1/ptm/m/n/10 )
 []

[61] [62] [63]
Underfull \hbox (badness 10000) in paragraph at lines 3815--3815
[]\T1/ptm/m/it/10 Reference Classes for Re-sponse Mod-ules,
 []

[64] [65]
Overfull \hbox (5.96762pt too wide) in paragraph at lines 3984--3987
[]\T1/ptm/m/n/10 Logical. If []\T1/zi4/m/n/10 TRUE[]\T1/ptm/m/n/10 , re-turn th
e re-stricted log-likelihood rather than the log-likelihood.
 []

[66]
Overfull \hbox (41.97914pt too wide) in paragraph at lines 4053--4056
[]\T1/ptm/m/n/10 returns the de-viance func-tion, the same as [][][]\T1/zi4/m/n
/10 lmer[][][](*, devFunOnly=TRUE)[]\T1/ptm/m/n/10 , and [][][]\T1/zi4/m/n/10 m
kLmerDevfun[][][]()
 []

[67] [68]
Overfull \hbox (5.37856pt too wide) in paragraph at lines 4176--4185
[]\T1/ptm/m/n/10 Other meth-ods for []\T1/zi4/m/n/10 merMod []\T1/ptm/m/n/10 ob
-jects doc-u-mented else-where in-clude: [][][]\T1/zi4/m/n/10 fortify.merMod[][
][][]\T1/ptm/m/n/10 , [][][]\T1/zi4/m/n/10 drop1.merMod[][][][]\T1/ptm/m/n/10 ,

 []


Overfull \hbox (9.88098pt too wide) in paragraph at lines 4176--4185
[][][]\T1/zi4/m/n/10 isLMM.merMod[][][][]\T1/ptm/m/n/10 , [][][]\T1/zi4/m/n/10 
isGLMM.merMod[][][][]\T1/ptm/m/n/10 , [][][]\T1/zi4/m/n/10 isNLMM.merMod[][][][
]\T1/ptm/m/n/10 , [][][]\T1/zi4/m/n/10 isREML.merMod[][][][]\T1/ptm/m/n/10 , []
[][]\T1/zi4/m/n/10 plot.merMod[][][][]\T1/ptm/m/n/10 , [][][]\T1/zi4/m/n/10 pre
dict.merMod[][][][]\T1/ptm/m/n/10 ,
 []


Overfull \hbox (29.88098pt too wide) in paragraph at lines 4176--4185
[][][]\T1/zi4/m/n/10 profile.merMod[][][][]\T1/ptm/m/n/10 , [][][]\T1/zi4/m/n/1
0 ranef.merMod[][][][]\T1/ptm/m/n/10 , [][][]\T1/zi4/m/n/10 refit.merMod[][][][
]\T1/ptm/m/n/10 , [][][]\T1/zi4/m/n/10 refitML.merMod[][][][]\T1/ptm/m/n/10 , [
][][]\T1/zi4/m/n/10 residuals.merMod[][][][]\T1/ptm/m/n/10 , [][][]\T1/zi4/m/n/
10 sigma.merMod[][][][]\T1/ptm/m/n/10 ,
 []

[69] [70] [71] [72] [73] [74] [75]
Overfull \hbox (49.81862pt too wide) in paragraph at lines 4606--4611
\T1/ptm/m/n/10 fault ac-tion ([]\T1/zi4/m/n/10 na.omit[]\T1/ptm/m/n/10 , in-her
-ited from the 'fac-tory fresh' value of []\T1/zi4/m/n/10 getOption("na.action"
)[]\T1/ptm/m/n/10 )
 []

[76]
Overfull \hbox (3.41803pt too wide) in paragraph at lines 4637--4639
[]\T1/ptm/m/n/10 A model frame con-tain-ing the vari-ables needed to cre-ate an
 [][][]\T1/zi4/m/n/10 lmerResp[][][] []\T1/ptm/m/n/10 or [][][]\T1/zi4/m/n/10 g
lmResp[][][]
 []


Overfull \hbox (3.4384pt too wide) in paragraph at lines 4695--4699
\T1/ptm/m/n/10 passed to in-ter-nal func-tion []\T1/zi4/m/n/10 optwrap[]\T1/ptm
/m/n/10 , which has rel-e-vant pa-ram-e-ters []\T1/zi4/m/n/10 calc.derivs
 []

[77] [78] [79]
Overfull \hbox (14.6474pt too wide) in paragraph at lines 4880--4882
[]\T1/ptm/m/n/10 numeric scalar - rel-a-tive tol-er-ance on change in func-tion
 val-ues (default:1e-
 []

[80] [81]
pdfTeX warning (ext4): destination with the same identifier (name{Rfn.NelderMea
d}) has been already used, duplicate ignored
<to be read again> 
                   \relax 
l.4954 ...elderMead}{NelderMead-class}{NelderMead}
                                                   [82] [83]
Overfull \hbox (3.61707pt too wide) in paragraph at lines 5097--5099
[]\T1/ptm/m/n/10 either a nu-meric vec-tor con-tain-ing ini-tial es-ti-mates fo
r the non-lin-ear model
 []

[84] [85]
Overfull \hbox (49.81862pt too wide) in paragraph at lines 5219--5224
\T1/ptm/m/n/10 fault ac-tion ([]\T1/zi4/m/n/10 na.omit[]\T1/ptm/m/n/10 , in-her
-ited from the `fac-tory fresh' value of [][][]\T1/zi4/m/n/10 getOption[][][]("
na.action")[]\T1/ptm/m/n/10 )
 []

[86]
Overfull \hbox (12.24937pt too wide) in paragraph at lines 5317--5320
[][][]\T1/zi4/m/n/10 list[][][] []\T1/ptm/m/n/10 of con-trol pa-ram-e-ters, cor
-re-spond-ing to []\T1/zi4/m/n/10 optCtrl = *[]\T1/ptm/m/n/10 , e.g., in [][][]
\T1/zi4/m/n/10 lmerControl[][][]()[]\T1/ptm/m/n/10 .
 []

[87]
Overfull \hbox (2.99669pt too wide) in paragraph at lines 5335--5344
[]\T1/ptm/m/n/10 One im-por-tant dif-fer-ence be-tween the [][]\T1/ptm/b/n/10 n
loptr[][]\T1/ptm/m/n/10 -provided im-ple-men-ta-tion of BOBYQA and the [][]\T1/
ptm/b/n/10 minqa[][]\T1/ptm/m/n/10 -
 []


Overfull \hbox (7.3396pt too wide) in paragraph at lines 5350--5352
[]\T1/zi4/m/n/10 environment(nloptwrap)$defaultControl []\T1/ptm/m/n/10 con-tai
ns the de-faults, no-tably []\T1/zi4/m/n/10 algorithm
 []

[88] [89] [90] [91] [92] [93] [94]
Overfull \hbox (8.46814pt too wide) in paragraph at lines 5785--5788
[]\T1/ptm/m/n/10 a mixed-effects pro-file, i.e., of class []\T1/zi4/m/n/10 "thp
r"[]\T1/ptm/m/n/10 , typ-i-cally re-sult-ing from [][][]\T1/zi4/m/n/10 profile[
][][](fm)
 []


Overfull \hbox (3.20149pt too wide) in paragraph at lines 5790--5792
[]\T1/ptm/m/n/10 a num-ber in $\OT1/cmr/m/n/10 (0\OML/cmm/m/it/10 ; \OT1/cmr/m/
n/10 1)$ \T1/ptm/m/n/10 to spec-ify up-per (and lower) bound-aries as []\T1/zi4
/m/n/10 +/- qnorm(upper)[]\T1/ptm/m/n/10 . 
 []

[95] [96] [97]
Overfull \hbox (7.61816pt too wide) in paragraph at lines 5973--5977
[]\T1/ptm/m/n/10 random ef-fects (theta) pa-ram-e-ters; these are or-dered as i
n []\T1/zi4/m/n/10 getME(.,"theta")[]\T1/ptm/m/n/10 ,
 []


Overfull \hbox (0.53732pt too wide) in paragraph at lines 6007--6009
[]\T1/ptm/m/n/10 tolerance for fit-ted de-viances less than base-line (sup-pos-
edly min-i-mum) de-viance. 
 []

[98]
Overfull \hbox (50.90875pt too wide) in paragraph at lines 6021--6026
\T1/ptm/m/n/10 er-wise, names are more mean-ing-ful (but longer) of the form []
\T1/zi4/m/n/10 (sd|cor)_(effects)|(group)[]\T1/ptm/m/n/10 .
 []

[99]
Overfull \hbox (2.24715pt too wide) in paragraph at lines 6143--6143
 []   \T1/zi4/m/n/9 system.time(tpr2 <- profile(fm01ML, which=1:2)) # , optimiz
er="Nelder_Mead" gives warning[] 
 []

[100]
Overfull \hbox (0.83856pt too wide) in paragraph at lines 6194--6198
[]\T1/zi4/m/n/10 formatVC() []\T1/ptm/m/n/10 ``for-mat()''s the [][][]\T1/zi4/m
/n/10 VarCorr[][][] []\T1/ptm/m/n/10 ma-trix of the ran-dom ef-fects -- for [][
][]\T1/zi4/m/n/10 print[][][]()[]\T1/ptm/m/n/10 ing and [][][]\T1/zi4/m/n/10 sh
ow[][][]()[]\T1/ptm/m/n/10 ing;
 []

[101
pdfTeX warning (ext4): destination with the same identifier (name{Rfn..prt.meth
Tit}) has been already used, duplicate ignored
<argument> ...shipout:D \box_use:N \l_shipout_box 
                                                  \__shipout_drop_firstpage_...
l.6230 \item[\code{devianceFUN}]
                                 the function to be used for computing the d...
] [102]
Underfull \vbox (badness 3803) has occurred while \output is active []

 [103]
Overfull \hbox (13.15036pt too wide) in paragraph at lines 6364--6377
\T1/zi4/m/n/10 stat . ethz . ch / pipermail / r-[]sig-[]mixed-[]models / 2009q4
 / 003115 . html$[][]\T1/ptm/m/n/10 ), []\T1/zi4/m/n/10 mcmcsamp []\T1/ptm/m/n/
10 has been with-
 []


Overfull \hbox (6.39766pt too wide) in paragraph at lines 6401--6404
[]\T1/ptm/m/n/10 for fixed ef-fects, F tests via Kenward-Roger ap-prox-i-ma-tio
n us-ing []\T1/zi4/m/n/10 KRmodcomp []\T1/ptm/m/n/10 from the []\T1/zi4/m/n/10 
pbkrtest
 []

[104]
Overfull \hbox (1.26839pt too wide) in paragraph at lines 6428--6431
[]\T1/ptm/m/n/10 When all else fails, don't for-get to keep p-values in per-spe
c-tive: [][]$\T1/zi4/m/n/10 https : / / phdcomics . com / comics /
 []

[105] [106]
Overfull \hbox (25.58878pt too wide) in paragraph at lines 6632--6637
\T1/ptm/m/n/10 be a data frame with a sin-gle nu-meric col-umn, e.g. as pro-duc
ed by []\T1/zi4/m/n/10 simulate(object)[]\T1/ptm/m/n/10 . 
 []

[107] [108] [109] [110] [111]
Overfull \hbox (3.91922pt too wide) in paragraph at lines 6904--6912
[][][]\T1/zi4/m/n/10 residuals.lm[][][] []\T1/ptm/m/n/10 and [][][]\T1/zi4/m/n/
10 residuals.glm[][][] []\T1/ptm/m/n/10 re-spec-tively. In par-tic-u-lar, the d
e-fault []\T1/zi4/m/n/10 type []\T1/ptm/m/n/10 is []\T1/zi4/m/n/10 "response"[]
\T1/ptm/m/n/10 ,
 []


Overfull \hbox (16.36906pt too wide) in paragraph at lines 6904--6912
\T1/ptm/m/n/10 i.e. (observed-fitted) for []\T1/zi4/m/n/10 lmerMod []\T1/ptm/m/
n/10 ob-jects vs. []\T1/zi4/m/n/10 "deviance" []\T1/ptm/m/n/10 for []\T1/zi4/m/
n/10 glmerMod []\T1/ptm/m/n/10 ob-jects. []\T1/zi4/m/n/10 type="partial"
 []


Overfull \hbox (18.76877pt too wide) in paragraph at lines 6912--6922
[]\T1/ptm/m/n/10 Note that the mean-ing of []\T1/zi4/m/n/10 "pearson" []\T1/ptm
/m/n/10 resid-u-als dif-fers be-tween [][][]\T1/zi4/m/n/10 residuals.lm[][][] [
]\T1/ptm/m/n/10 and [][][]\T1/zi4/m/n/10 residuals.lme[][][][]\T1/ptm/m/n/10 .
 []

[112] [113] [114] [115]
Overfull \hbox (34.76772pt too wide) in paragraph at lines 7132--7138
\T1/ptm/m/n/10 For neg-a-tive bi-no-mial fits, the overdis-per-sion pa-ram-e-te
r is spec-i-fied via the fam-ily, e.g. []\T1/zi4/m/n/10 simulate(...,
 []

[116] [117] [118]
Overfull \hbox (0.75983pt too wide) in paragraph at lines 7340--7345
[]\T1/zi4/m/n/10 Model is nearly unidentifiable ... Rescale variables? []\T1/pt
m/m/n/10 The Hes-sian (in-verse cur-va-ture
 []


Overfull \hbox (1.76021pt too wide) in paragraph at lines 7345--7354
[]\T1/zi4/m/n/10 Contrasts can be applied only to factors with 2 or more levels
 []\T1/ptm/m/n/10 One or more of the cat-
 []

[119]
Overfull \hbox (1.25012pt too wide) in paragraph at lines 7390--7393
[][][]\T1/zi4/m/n/10 merMod[][][][]\T1/ptm/m/n/10 . For []\T1/zi4/m/n/10 as.dat
a.frame[]\T1/ptm/m/n/10 , a []\T1/zi4/m/n/10 VarCorr.merMod []\T1/ptm/m/n/10 ob
-ject re-turned from []\T1/zi4/m/n/10 VarCorr[]\T1/ptm/m/n/10 . 
 []


Overfull \hbox (26.80685pt too wide) in paragraph at lines 7396--7400
[]\T1/ptm/m/n/10 arrange data frame with vari-ances/standard de-vi-a-tions firs
t and co-vari-ances/correlations
 []


Overfull \hbox (0.47768pt too wide) in paragraph at lines 7415--7421
\T1/ptm/m/n/10 pre-ci-sion for print-ing) and []\T1/zi4/m/n/10 comp[]\T1/ptm/m/
n/10 : the lat-ter is a char-ac-ter vec-tor with any com-bi-na-tion of []\T1/zi
4/m/n/10 "Variance"
 []

[120] [121] [122]
Overfull \hbox (10.29692pt too wide) in paragraph at lines 7594--7597
[]\T1/ptm/m/n/10 (logical) in-di-cates whether the cor-re-la-tion ma-trix as we
ll as the variance-covariance
 []

[123] [124]
Overfull \hbox (149.28088pt too wide) in paragraph at lines 7701--7705
\T1/zi4/m/n/10 archive . org / web / 20221128003829 / https : / / old . bear . 
berkeley . edu / page / materials-[]explanatory-[]item-[]response-[]models$[][]
\T1/ptm/m/n/10 ,
 []

(./Rd2.ind [125]

LaTeX Font Warning: Font shape `T1/zi4/m/it' undefined
(Font)              using `T1/zi4/m/n' instead on input line 75.

LaTeX Font Info:    Font shape `T1/zi4/m/it' will be
(Font)              scaled to size 10.0pt on input line 77.
[126

] [127] [128] [129] [130]) (./Rd2.aux)
 ***********
LaTeX2e <2023-11-01> patch level 1
L3 programming layer <2024-01-22>
 ***********


LaTeX Font Warning: Some font shapes were not available, defaults substituted.

Package rerunfilecheck Info: File `Rd2.out' has not changed.
(rerunfilecheck)             Checksum: 0A0A1DEB0E0CD5337C09DD07B7F5052B;8297.
 ) 
Here is how much of TeX's memory you used:
 11748 strings out of 476182
 174289 string characters out of 5795595
 1945975 words of memory out of 5000000
 32525 multiletter control sequences out of 15000+600000
 599117 words of font info for 88 fonts, out of 8000000 for 9000
 14 hyphenation exceptions out of 8191
 92i,6n,95p,565b,737s stack positions out of 10000i,1000n,20000p,200000b,200000s

pdfTeX warning (dest): name{Rfn.na.fail} has been referenced but does not exist
, replaced by a fixed one


pdfTeX warning (dest): name{Rfn.residuals.lme} has been referenced but does not
 exist, replaced by a fixed one


pdfTeX warning (dest): name{Rfn.residuals.glm} has been referenced but does not
 exist, replaced by a fixed one


pdfTeX warning (dest): name{Rfn.residuals.lm} has been referenced but does not 
exist, replaced by a fixed one


pdfTeX warning (dest): name{Rfn.simulate} has been referenced but does not exis
t, replaced by a fixed one


pdfTeX warning (dest): name{Rfn.qqmath} has been referenced but does not exist,
 replaced by a fixed one


pdfTeX warning (dest): name{Rfn.dotplot} has been referenced but does not exist
, replaced by a fixed one


pdfTeX warning (dest): name{Rfn.df.residual} has been referenced but does not e
xist, replaced by a fixed one


pdfTeX warning (dest): name{Rfn.BIC} has been referenced but does not exist, re
placed by a fixed one


pdfTeX warning (dest): name{Rfn.AIC} has been referenced but does not exist, re
placed by a fixed one


pdfTeX warning (dest): name{Rfn.call} has been referenced but does not exist, r
eplaced by a fixed one


pdfTeX warning (dest): name{Rfn.numeric} has been referenced but does not exist
, replaced by a fixed one


pdfTeX warning (dest): name{Rfn.cat} has been referenced but does not exist, re
placed by a fixed one


pdfTeX warning (dest): name{Rfn.as.data.frame} has been referenced but does not
 exist, replaced by a fixed one


pdfTeX warning (dest): name{Rfn.data.frame} has been referenced but does not ex
ist, replaced by a fixed one


pdfTeX warning (dest): name{Rfn.log} has been referenced but does not exist, re
placed by a fixed one


pdfTeX warning (dest): name{Rfn.na.pass} has been referenced but does not exist
, replaced by a fixed one


pdfTeX warning (dest): name{Rfn.terms} has been referenced but does not exist, 
replaced by a fixed one


pdfTeX warning (dest): name{Rfn.splom} has been referenced but does not exist, 
replaced by a fixed one


pdfTeX warning (dest): name{Rfn.densityplot} has been referenced but does not e
xist, replaced by a fixed one


pdfTeX warning (dest): name{Rfn.xyplot} has been referenced but does not exist,
 replaced by a fixed one


pdfTeX warning (dest): name{Rfn.abs} has been referenced but does not exist, re
placed by a fixed one


pdfTeX warning (dest): name{Rfn.getOption} has been referenced but does not exi
st, replaced by a fixed one


pdfTeX warning (dest): name{Rfn.deriv} has been referenced but does not exist, 
replaced by a fixed one


pdfTeX warning (dest): name{Rfn.selfStart} has been referenced but does not exi
st, replaced by a fixed one


pdfTeX warning (dest): name{Rfn.SSlogis} has been referenced but does not exist
, replaced by a fixed one


pdfTeX warning (dest): name{Rfn.SSbiexp} has been referenced but does not exist
, replaced by a fixed one


pdfTeX warning (dest): name{Rfn.environment} has been referenced but does not e
xist, replaced by a fixed one


pdfTeX warning (dest): name{Rfn.anova} has been referenced but does not exist, 
replaced by a fixed one


pdfTeX warning (dest): name{Rfn.update.formula} has been referenced but does no
t exist, replaced by a fixed one


pdfTeX warning (dest): name{Rfn.symnum} has been referenced but does not exist,
 replaced by a fixed one


pdfTeX warning (dest): name{Rfn.extractAIC} has been referenced but does not ex
ist, replaced by a fixed one


pdfTeX warning (dest): name{Rfn.summary} has been referenced but does not exist
, replaced by a fixed one


pdfTeX warning (dest): name{Rfn.residuals} has been referenced but does not exi
st, replaced by a fixed one


pdfTeX warning (dest): name{Rfn.qqnorm} has been referenced but does not exist,
 replaced by a fixed one


pdfTeX warning (dest): name{Rfn.print} has been referenced but does not exist, 
replaced by a fixed one


pdfTeX warning (dest): name{Rfn.predict} has been referenced but does not exist
, replaced by a fixed one


pdfTeX warning (dest): name{Rfn.plot} has been referenced but does not exist, r
eplaced by a fixed one


pdfTeX warning (dest): name{Rfn.pairs} has been referenced but does not exist, 
replaced by a fixed one


pdfTeX warning (dest): name{Rfn.logLik} has been referenced but does not exist,
 replaced by a fixed one


pdfTeX warning (dest): name{Rfn.fitted} has been referenced but does not exist,
 replaced by a fixed one


pdfTeX warning (dest): name{Rfn.confint} has been referenced but does not exist
, replaced by a fixed one


pdfTeX warning (dest): name{Rfn.coef} has been referenced but does not exist, r
eplaced by a fixed one


pdfTeX warning (dest): name{Rfn.as} has been referenced but does not exist, rep
laced by a fixed one


pdfTeX warning (dest): name{Rfn.show} has been referenced but does not exist, r
eplaced by a fixed one


pdfTeX warning (dest): name{Rfn.methods} has been referenced but does not exist
, replaced by a fixed one


pdfTeX warning (dest): name{Rfn.stop} has been referenced but does not exist, r
eplaced by a fixed one


pdfTeX warning (dest): name{Rfn.warning} has been referenced but does not exist
, replaced by a fixed one


pdfTeX warning (dest): name{Rfn.options} has been referenced but does not exist
, replaced by a fixed one


pdfTeX warning (dest): name{Rfn.rankMatrix} has been referenced but does not ex
ist, replaced by a fixed one


pdfTeX warning (dest): name{Rfn.library} has been referenced but does not exist
, replaced by a fixed one


pdfTeX warning (dest): name{Rfn.optim} has been referenced but does not exist, 
replaced by a fixed one


pdfTeX warning (dest): name{Rfn.nlminb} has been referenced but does not exist,
 replaced by a fixed one


pdfTeX warning (dest): name{Rfn.bobyqa} has been referenced but does not exist,
 replaced by a fixed one


pdfTeX warning (dest): name{Rfn.lm} has been referenced but does not exist, rep
laced by a fixed one


pdfTeX warning (dest): name{Rfn.update} has been referenced but does not exist,
 replaced by a fixed one


pdfTeX warning (dest): name{Rfn.reformulate} has been referenced but does not e
xist, replaced by a fixed one


pdfTeX warning (dest): name{Rfn.as.formula} has been referenced but does not ex
ist, replaced by a fixed one


pdfTeX warning (dest): name{Rfn.influence.measures} has been referenced but doe
s not exist, replaced by a fixed one


pdfTeX warning (dest): name{Rfn.infIndexPlot} has been referenced but does not 
exist, replaced by a fixed one


pdfTeX warning (dest): name{Rfn.makeCluster} has been referenced but does not e
xist, replaced by a fixed one


pdfTeX warning (dest): name{Rfn.cooks.distance} has been referenced but does no
t exist, replaced by a fixed one


pdfTeX warning (dest): name{Rfn.dfbetas} has been referenced but does not exist
, replaced by a fixed one


pdfTeX warning (dest): name{Rfn.dfbeta} has been referenced but does not exist,
 replaced by a fixed one


pdfTeX warning (dest): name{Rfn.influence} has been referenced but does not exi
st, replaced by a fixed one


pdfTeX warning (dest): name{Rfn.new} has been referenced but does not exist, re
placed by a fixed one


pdfTeX warning (dest): name{Rfn.envRefClass.Rdash.class} has been referenced bu
t does not exist, replaced by a fixed one


pdfTeX warning (dest): name{Rfn.pnbinom} has been referenced but does not exist
, replaced by a fixed one


pdfTeX warning (dest): name{Rfn.optimize} has been referenced but does not exis
t, replaced by a fixed one


pdfTeX warning (dest): name{Rfn.theta.ml} has been referenced but does not exis
t, replaced by a fixed one


pdfTeX warning (dest): name{Rfn.model.matrix.default} has been referenced but d
oes not exist, replaced by a fixed one


pdfTeX warning (dest): name{Rfn.model.offset} has been referenced but does not 
exist, replaced by a fixed one


pdfTeX warning (dest): name{Rfn.offset} has been referenced but does not exist,
 replaced by a fixed one


pdfTeX warning (dest): name{Rfn.family} has been referenced but does not exist,
 replaced by a fixed one


pdfTeX warning (dest): name{Rfn.glm} has been referenced but does not exist, re
placed by a fixed one


pdfTeX warning (dest): name{Rfn.getCall} has been referenced but does not exist
, replaced by a fixed one


pdfTeX warning (dest): name{Rfn.name} has been referenced but does not exist, r
eplaced by a fixed one


pdfTeX warning (dest): name{Rfn.vcov} has been referenced but does not exist, r
eplaced by a fixed one


pdfTeX warning (dest): name{Rfn.dgCMatrix} has been referenced but does not exi
st, replaced by a fixed one


pdfTeX warning (dest): name{Rfn.model.frame} has been referenced but does not e
xist, replaced by a fixed one


pdfTeX warning (dest): name{Rfn.formula} has been referenced but does not exist
, replaced by a fixed one


pdfTeX warning (dest): name{Rfn.factor} has been referenced but does not exist,
 replaced by a fixed one


pdfTeX warning (dest): name{Rfn.model.matrix} has been referenced but does not 
exist, replaced by a fixed one


pdfTeX warning (dest): name{Rfn.drop1} has been referenced but does not exist, 
replaced by a fixed one


pdfTeX warning (dest): name{Rfn.function} has been referenced but does not exis
t, replaced by a fixed one


pdfTeX warning (dest): name{Rfn.list} has been referenced but does not exist, r
eplaced by a fixed one


pdfTeX warning (dest): name{Rfn.logical} has been referenced but does not exist
, replaced by a fixed one


pdfTeX warning (dest): name{Rfn.scale} has been referenced but does not exist, 
replaced by a fixed one


pdfTeX warning (dest): name{Rfn.matrix} has been referenced but does not exist,
 replaced by a fixed one


pdfTeX warning (dest): name{Rfn.profile} has been referenced but does not exist
, replaced by a fixed one


pdfTeX warning (dest): name{Rfn.character} has been referenced but does not exi
st, replaced by a fixed one


pdfTeX warning (dest): name{Rfn.boot.ci} has been referenced but does not exist
, replaced by a fixed one


pdfTeX warning (dest): name{Rfn.PBmodcomp} has been referenced but does not exi
st, replaced by a fixed one


pdfTeX warning (dest): name{Rfn.clusterExport} has been referenced but does not
 exist, replaced by a fixed one


pdfTeX warning (dest): name{Rfn.boot} has been referenced but does not exist, r
eplaced by a fixed one


pdfTeX warning (dest): name{Rfn.class} has been referenced but does not exist, 
replaced by a fixed one


pdfTeX warning (dest): name{Rfn.rnorm} has been referenced but does not exist, 
replaced by a fixed one


pdfTeX warning (dest): name{Rfn.set.seed} has been referenced but does not exis
t, replaced by a fixed one


pdfTeX warning (dest): name{Rfn.ReferenceClasses} has been referenced but does 
not exist, replaced by a fixed one

</usr/share/texlive/texmf-dist/fonts/type1/public/inconsolata/Inconsolata-zi4r.
pfb></usr/share/texlive/texmf-dist/fonts/type1/public/amsfonts/cm/cmmi10.pfb></
usr/share/texlive/texmf-dist/fonts/type1/public/amsfonts/cm/cmr10.pfb></usr/sha
re/texlive/texmf-dist/fonts/type1/public/amsfonts/cm/cmr7.pfb></usr/share/texli
ve/texmf-dist/fonts/type1/public/amsfonts/cm/cmsy10.pfb></usr/share/texlive/tex
mf-dist/fonts/type1/public/amsfonts/cm/cmsy7.pfb></usr/share/texmf/fonts/type1/
public/cm-super/sfrm1000.pfb></usr/share/texmf/fonts/type1/public/cm-super/sftt
0900.pfb></usr/share/texlive/texmf-dist/fonts/type1/urw/helvetic/uhvr8a.pfb></u
sr/share/texlive/texmf-dist/fonts/type1/urw/times/utmb8a.pfb></usr/share/texliv
e/texmf-dist/fonts/type1/urw/times/utmbi8a.pfb></usr/share/texlive/texmf-dist/f
onts/type1/urw/times/utmr8a.pfb></usr/share/texlive/texmf-dist/fonts/type1/urw/
times/utmr8a.pfb></usr/share/texlive/texmf-dist/fonts/type1/urw/times/utmri8a.p
fb>
Output written on Rd2.pdf (130 pages, 530337 bytes).
PDF statistics:
 3518 PDF objects out of 3580 (max. 8388607)
 3323 compressed objects within 34 object streams
 1025 named destinations out of 1200 (max. 500000)
 681 words of extra memory for PDF output out of 10000 (max. 10000000)

